d:\documents\networkprograming\client\debug\vc140.pdb
d:\documents\networkprograming\client\debug\vc140.idb
d:\documents\networkprograming\client\debug\common.obj
d:\documents\networkprograming\client\debug\interactfile.obj
d:\documents\networkprograming\client\debug\tcpsocket.obj
d:\documents\networkprograming\client\debug\winmain.obj
d:\documents\networkprograming\debug\client.ilk
d:\documents\networkprograming\debug\client.exe
d:\documents\networkprograming\debug\client.pdb
d:\documents\visualstudio\networkprograming\client\debug\common.obj
d:\documents\visualstudio\networkprograming\client\debug\interactfile.obj
d:\documents\visualstudio\networkprograming\client\debug\tcpsocket.obj
d:\documents\visualstudio\networkprograming\client\debug\winmain.obj
d:\documents\visualstudio\networkprograming\client\debug\vc140.idb
d:\documents\visualstudio\networkprograming\client\debug\vc140.pdb
d:\documents\visualstudio\networkprograming\debug\client.pdb
d:\documents\visualstudio\networkprograming\debug\client.exe
d:\documents\visualstudio\networkprograming\debug\client.ilk
d:\documents\visualstudio\networkprograming\client\debug\client.tlog\cl.command.1.tlog
d:\documents\visualstudio\networkprograming\client\debug\client.tlog\cl.read.1.tlog
d:\documents\visualstudio\networkprograming\client\debug\client.tlog\cl.write.1.tlog
d:\documents\visualstudio\networkprograming\client\debug\client.tlog\link.command.1.tlog
d:\documents\visualstudio\networkprograming\client\debug\client.tlog\link.read.1.tlog
d:\documents\visualstudio\networkprograming\client\debug\client.tlog\link.write.1.tlog
