d:\documents\visualstudio\bai_tap_lon_ltm\client\debug\vc140.pdb
d:\documents\visualstudio\bai_tap_lon_ltm\client\debug\vc140.idb
d:\documents\visualstudio\bai_tap_lon_ltm\client\debug\inputanddata.obj
d:\documents\visualstudio\bai_tap_lon_ltm\client\debug\interactfile.obj
d:\documents\visualstudio\bai_tap_lon_ltm\client\debug\tcp_socket.obj
d:\documents\visualstudio\bai_tap_lon_ltm\client\debug\winmain.obj
d:\bai_tap_lon_ltm\client\debug\vc140.pdb
d:\bai_tap_lon_ltm\client\debug\vc140.idb
d:\bai_tap_lon_ltm\client\debug\inputanddata.obj
d:\bai_tap_lon_ltm\client\debug\interactfile.obj
d:\bai_tap_lon_ltm\client\debug\tcp_socket.obj
d:\bai_tap_lon_ltm\client\debug\winmain.obj
d:\bai_tap_lon_ltm\debug\client.ilk
d:\bai_tap_lon_ltm\debug\client.exe
d:\bai_tap_lon_ltm\debug\client.pdb
d:\documents\visualstudio\bai_tap_lon_ltm\debug\client.ilk
d:\documents\visualstudio\bai_tap_lon_ltm\debug\client.exe
d:\documents\visualstudio\bai_tap_lon_ltm\debug\client.pdb
d:\documents\visualstudio\bai_tap_lon_ltm\client\debug\client.tlog\cl.command.1.tlog
d:\documents\visualstudio\bai_tap_lon_ltm\client\debug\client.tlog\cl.read.1.tlog
d:\documents\visualstudio\bai_tap_lon_ltm\client\debug\client.tlog\cl.write.1.tlog
d:\documents\visualstudio\bai_tap_lon_ltm\client\debug\client.tlog\link.command.1.tlog
d:\documents\visualstudio\bai_tap_lon_ltm\client\debug\client.tlog\link.read.1.tlog
d:\documents\visualstudio\bai_tap_lon_ltm\client\debug\client.tlog\link.write.1.tlog
